2019/12/04 16:17:04 [error] [exception.CException] exception 'CException' with message 'Property "CWebUser.isAdmin" is not defined.' in C:\xampp2\htdocs\yii\framework\base\CComponent.php:130
Stack trace:
#0 C:\xampp2\htdocs\yii\framework\web\auth\CWebUser.php(146): CComponent->__get('isAdmin')
#1 C:\xampp2\htdocs\testing\themes\dashboard\views\layouts\main2.php(59): CWebUser->__get('isAdmin')
#2 C:\xampp2\htdocs\yii\framework\web\CBaseController.php(126): require('C:\\xampp2\\htdoc...')
#3 C:\xampp2\htdocs\yii\framework\web\CBaseController.php(95): CBaseController->renderInternal('C:\\xampp2\\htdoc...', Array, true)
#4 C:\xampp2\htdocs\yii\framework\web\widgets\CContentDecorator.php(76): CBaseController->renderFile('C:\\xampp2\\htdoc...', Array, true)
#5 C:\xampp2\htdocs\yii\framework\web\widgets\CContentDecorator.php(54): CContentDecorator->decorate('<div id="conten...')
#6 C:\xampp2\htdocs\yii\framework\web\widgets\COutputProcessor.php(44): CContentDecorator->processOutput('<div id="conten...')
#7 C:\xampp2\htdocs\yii\framework\web\CBaseController.php(215): COutputProcessor->run()
#8 C:\xampp2\htdocs\yii\framework\web\CBaseController.php(309): CBaseController->endWidget('CContentDecorat...')
#9 C:\xampp2\htdocs\testing\themes\dashboard\views\layouts\column2.php(6): CBaseController->endContent()
#10 C:\xampp2\htdocs\yii\framework\web\CBaseController.php(126): require('C:\\xampp2\\htdoc...')
#11 C:\xampp2\htdocs\yii\framework\web\CBaseController.php(95): CBaseController->renderInternal('C:\\xampp2\\htdoc...', Array, true)
#12 C:\xampp2\htdocs\yii\framework\web\CController.php(787): CBaseController->renderFile('C:\\xampp2\\htdoc...', Array, true)
#13 C:\xampp2\htdocs\testing\protected\controllers\ProductController.php(128): CController->render('index', Array)
#14 C:\xampp2\htdocs\yii\framework\web\actions\CInlineAction.php(49): ProductController->actionIndex()
#15 C:\xampp2\htdocs\yii\framework\web\CController.php(308): CInlineAction->runWithParams(Array)
#16 C:\xampp2\htdocs\yii\framework\web\filters\CFilterChain.php(134): CController->runAction(Object(CInlineAction))
#17 C:\xampp2\htdocs\yii\framework\web\filters\CFilter.php(40): CFilterChain->run()
#18 C:\xampp2\htdocs\yii\framework\web\CController.php(1148): CFilter->filter(Object(CFilterChain))
#19 C:\xampp2\htdocs\yii\framework\web\filters\CInlineFilter.php(58): CController->filterAccessControl(Object(CFilterChain))
#20 C:\xampp2\htdocs\yii\framework\web\filters\CFilterChain.php(131): CInlineFilter->filter(Object(CFilterChain))
#21 C:\xampp2\htdocs\yii\framework\web\CController.php(291): CFilterChain->run()
#22 C:\xampp2\htdocs\yii\framework\web\CController.php(265): CController->runActionWithFilters(Object(CInlineAction), Array)
#23 C:\xampp2\htdocs\yii\framework\web\CWebApplication.php(282): CController->run('')
#24 C:\xampp2\htdocs\yii\framework\web\CWebApplication.php(141): CWebApplication->runController('product')
#25 C:\xampp2\htdocs\yii\framework\base\CApplication.php(185): CWebApplication->processRequest()
#26 C:\xampp2\htdocs\testing\index.php(13): CApplication->run()
#27 {main}
REQUEST_URI=/testing/index.php/product
---
2019/12/04 16:17:17 [error] [php] Undefined variable: models (C:\xampp2\htdocs\testing\themes\dashboard\views\site\index.php:27)
Stack trace:
#0 C:\xampp2\htdocs\yii\framework\web\CController.php(872): SiteController->renderFile()
#1 C:\xampp2\htdocs\yii\framework\web\CController.php(785): SiteController->renderPartial()
#2 C:\xampp2\htdocs\testing\protected\controllers\SiteController.php(32): SiteController->render()
#3 C:\xampp2\htdocs\yii\framework\web\actions\CInlineAction.php(49): SiteController->actionIndex()
#4 C:\xampp2\htdocs\yii\framework\web\CController.php(308): CInlineAction->runWithParams()
#5 C:\xampp2\htdocs\yii\framework\web\CController.php(286): SiteController->runAction()
#6 C:\xampp2\htdocs\yii\framework\web\CController.php(265): SiteController->runActionWithFilters()
#7 C:\xampp2\htdocs\yii\framework\web\CWebApplication.php(282): SiteController->run()
#8 C:\xampp2\htdocs\yii\framework\web\CWebApplication.php(141): CWebApplication->runController()
#9 C:\xampp2\htdocs\yii\framework\base\CApplication.php(185): CWebApplication->processRequest()
#10 C:\xampp2\htdocs\testing\index.php(13): CWebApplication->run()
REQUEST_URI=/testing/index.php/
in C:\xampp2\htdocs\testing\themes\dashboard\views\site\index.php (27)
in C:\xampp2\htdocs\testing\protected\controllers\SiteController.php (32)
in C:\xampp2\htdocs\testing\index.php (13)
2019/12/04 16:27:16 [error] [php] Undefined variable: product (C:\xampp2\htdocs\testing\protected\views\site\index.php:22)
Stack trace:
#0 C:\xampp2\htdocs\yii\framework\web\CController.php(872): SiteController->renderFile()
#1 C:\xampp2\htdocs\yii\framework\web\CController.php(785): SiteController->renderPartial()
#2 C:\xampp2\htdocs\testing\protected\controllers\SiteController.php(32): SiteController->render()
#3 C:\xampp2\htdocs\yii\framework\web\actions\CInlineAction.php(49): SiteController->actionIndex()
#4 C:\xampp2\htdocs\yii\framework\web\CController.php(308): CInlineAction->runWithParams()
#5 C:\xampp2\htdocs\yii\framework\web\CController.php(286): SiteController->runAction()
#6 C:\xampp2\htdocs\yii\framework\web\CController.php(265): SiteController->runActionWithFilters()
#7 C:\xampp2\htdocs\yii\framework\web\CWebApplication.php(282): SiteController->run()
#8 C:\xampp2\htdocs\yii\framework\web\CWebApplication.php(141): CWebApplication->runController()
#9 C:\xampp2\htdocs\yii\framework\base\CApplication.php(185): CWebApplication->processRequest()
#10 C:\xampp2\htdocs\testing\index.php(13): CWebApplication->run()
REQUEST_URI=/testing/index.php/site/index
in C:\xampp2\htdocs\testing\protected\views\site\index.php (22)
in C:\xampp2\htdocs\testing\protected\controllers\SiteController.php (32)
in C:\xampp2\htdocs\testing\index.php (13)
2019/12/04 16:28:51 [error] [php] Trying to get property of non-object (C:\xampp2\htdocs\testing\protected\views\site\index.php:23)
Stack trace:
#0 C:\xampp2\htdocs\yii\framework\web\CController.php(872): SiteController->renderFile()
#1 C:\xampp2\htdocs\yii\framework\web\CController.php(785): SiteController->renderPartial()
#2 C:\xampp2\htdocs\testing\protected\controllers\SiteController.php(32): SiteController->render()
#3 C:\xampp2\htdocs\yii\framework\web\actions\CInlineAction.php(49): SiteController->actionIndex()
#4 C:\xampp2\htdocs\yii\framework\web\CController.php(308): CInlineAction->runWithParams()
#5 C:\xampp2\htdocs\yii\framework\web\CController.php(286): SiteController->runAction()
#6 C:\xampp2\htdocs\yii\framework\web\CController.php(265): SiteController->runActionWithFilters()
#7 C:\xampp2\htdocs\yii\framework\web\CWebApplication.php(282): SiteController->run()
#8 C:\xampp2\htdocs\yii\framework\web\CWebApplication.php(141): CWebApplication->runController()
#9 C:\xampp2\htdocs\yii\framework\base\CApplication.php(185): CWebApplication->processRequest()
#10 C:\xampp2\htdocs\testing\index.php(13): CWebApplication->run()
REQUEST_URI=/testing/index.php/site/index
in C:\xampp2\htdocs\testing\protected\views\site\index.php (23)
in C:\xampp2\htdocs\testing\protected\controllers\SiteController.php (32)
in C:\xampp2\htdocs\testing\index.php (13)
2019/12/04 16:34:49 [error] [php] Trying to get property of non-object (C:\xampp2\htdocs\testing\protected\views\site\index.php:23)
Stack trace:
#0 C:\xampp2\htdocs\yii\framework\web\CController.php(872): SiteController->renderFile()
#1 C:\xampp2\htdocs\yii\framework\web\CController.php(785): SiteController->renderPartial()
#2 C:\xampp2\htdocs\testing\protected\controllers\SiteController.php(32): SiteController->render()
#3 C:\xampp2\htdocs\yii\framework\web\actions\CInlineAction.php(49): SiteController->actionIndex()
#4 C:\xampp2\htdocs\yii\framework\web\CController.php(308): CInlineAction->runWithParams()
#5 C:\xampp2\htdocs\yii\framework\web\CController.php(286): SiteController->runAction()
#6 C:\xampp2\htdocs\yii\framework\web\CController.php(265): SiteController->runActionWithFilters()
#7 C:\xampp2\htdocs\yii\framework\web\CWebApplication.php(282): SiteController->run()
#8 C:\xampp2\htdocs\yii\framework\web\CWebApplication.php(141): CWebApplication->runController()
#9 C:\xampp2\htdocs\yii\framework\base\CApplication.php(185): CWebApplication->processRequest()
#10 C:\xampp2\htdocs\testing\index.php(13): CWebApplication->run()
REQUEST_URI=/testing/index.php/site/index
in C:\xampp2\htdocs\testing\protected\views\site\index.php (23)
in C:\xampp2\htdocs\testing\protected\controllers\SiteController.php (32)
in C:\xampp2\htdocs\testing\index.php (13)
2019/12/04 23:14:19 [error] [exception.CException] exception 'CException' with message 'Property "Product.findAll" is not defined.' in C:\xampp2\htdocs\yii\framework\base\CComponent.php:130
Stack trace:
#0 C:\xampp2\htdocs\yii\framework\db\ar\CActiveRecord.php(145): CComponent->__get('findAll')
#1 C:\xampp2\htdocs\testing\protected\controllers\SiteController.php(30): CActiveRecord->__get('findAll')
#2 C:\xampp2\htdocs\yii\framework\web\actions\CInlineAction.php(49): SiteController->actionIndex()
#3 C:\xampp2\htdocs\yii\framework\web\CController.php(308): CInlineAction->runWithParams(Array)
#4 C:\xampp2\htdocs\yii\framework\web\CController.php(286): CController->runAction(Object(CInlineAction))
#5 C:\xampp2\htdocs\yii\framework\web\CController.php(265): CController->runActionWithFilters(Object(CInlineAction), Array)
#6 C:\xampp2\htdocs\yii\framework\web\CWebApplication.php(282): CController->run('index')
#7 C:\xampp2\htdocs\yii\framework\web\CWebApplication.php(141): CWebApplication->runController('site/index')
#8 C:\xampp2\htdocs\yii\framework\base\CApplication.php(185): CWebApplication->processRequest()
#9 C:\xampp2\htdocs\testing\index.php(13): CApplication->run()
#10 {main}
REQUEST_URI=/testing/index.php/site/index
HTTP_REFERER=http://localhost/testing/index.php/site/page?view=about
---
2019/12/04 23:14:31 [error] [php] Object of class Product could not be converted to string (C:\xampp2\htdocs\testing\protected\views\site\index.php:23)
Stack trace:
#0 C:\xampp2\htdocs\yii\framework\web\CController.php(872): SiteController->renderFile()
#1 C:\xampp2\htdocs\yii\framework\web\CController.php(785): SiteController->renderPartial()
#2 C:\xampp2\htdocs\testing\protected\controllers\SiteController.php(32): SiteController->render()
#3 C:\xampp2\htdocs\yii\framework\web\actions\CInlineAction.php(49): SiteController->actionIndex()
#4 C:\xampp2\htdocs\yii\framework\web\CController.php(308): CInlineAction->runWithParams()
#5 C:\xampp2\htdocs\yii\framework\web\CController.php(286): SiteController->runAction()
#6 C:\xampp2\htdocs\yii\framework\web\CController.php(265): SiteController->runActionWithFilters()
#7 C:\xampp2\htdocs\yii\framework\web\CWebApplication.php(282): SiteController->run()
#8 C:\xampp2\htdocs\yii\framework\web\CWebApplication.php(141): CWebApplication->runController()
#9 C:\xampp2\htdocs\yii\framework\base\CApplication.php(185): CWebApplication->processRequest()
#10 C:\xampp2\htdocs\testing\index.php(13): CWebApplication->run()
REQUEST_URI=/testing/index.php/site/index
in C:\xampp2\htdocs\testing\protected\views\site\index.php (23)
in C:\xampp2\htdocs\testing\protected\controllers\SiteController.php (32)
in C:\xampp2\htdocs\testing\index.php (13)
